2025-05-01 09:29:00 INFO  com.fantasyhospital.Simulation - Créature générée : [Vampire] nom='Lunnax', sexe='M', âge=64, moral=71, maladie(s) : [Maladie (PEC) - Porphyrie érythropoïétique congénitale [niveau: 1/5]]
2025-05-01 09:29:00 INFO  com.fantasyhospital.Simulation - Créature générée : [HommeBete] nom='Mordor', sexe='F', âge=35, moral=81, maladie(s) : [Maladie (DRS) - Dépendance aux réseaux sociaux [niveau: 1/5]]
2025-05-01 09:29:00 INFO  com.fantasyhospital.Simulation - Créature générée : [Nain] nom='Lundor', sexe='F', âge=44, moral=72, maladie(s) : [Maladie (PEC) - Porphyrie érythropoïétique congénitale [niveau: 1/9]]
2025-05-01 09:29:00 INFO  com.fantasyhospital.Simulation - Créature générée : [Reptilien] nom='Lundil', sexe='M', âge=29, moral=96, maladie(s) : [Maladie (FOMO) - Syndrome fear of missing out [niveau: 1/7]]
2025-05-01 09:29:00 INFO  com.fantasyhospital.Simulation - Créature générée : [Reptilien] nom='Kranax', sexe='F', âge=74, moral=72, maladie(s) : [Maladie (DRS) - Dépendance aux réseaux sociaux [niveau: 1/8]]
2025-05-01 09:29:00 INFO  com.fantasyhospital.salles.Salle - 

--- Service : Urgence ---
Superficie : 50.0 m²
Nombre de créatures maximale : 10
Budget : Mediocre

🧍 Médecins :
  - [Médecin] nom='Dr. Zoidberg', sexe='H', âge=45, moral=100, poids=70, taille=175]

👾 Créatures :
  Aucune créature dans ce service.

2025-05-01 09:29:00 INFO  com.fantasyhospital.salles.Salle - 

--- Salle : Salle d'attente ---
Superficie : 70.0 m²
Nombre de créatures maximale : 100

🏥 Salle :
  - [Vampire] nom='Lunnax', sexe='M', âge=64, moral=71, maladie(s) : [Maladie (PEC) - Porphyrie érythropoïétique congénitale [niveau: 1/5]]
  - [HommeBete] nom='Mordor', sexe='F', âge=35, moral=81, maladie(s) : [Maladie (DRS) - Dépendance aux réseaux sociaux [niveau: 1/5]]
  - [Nain] nom='Lundor', sexe='F', âge=44, moral=72, maladie(s) : [Maladie (PEC) - Porphyrie érythropoïétique congénitale [niveau: 1/9]]
  - [Reptilien] nom='Lundil', sexe='M', âge=29, moral=96, maladie(s) : [Maladie (FOMO) - Syndrome fear of missing out [niveau: 1/7]]
  - [Reptilien] nom='Kranax', sexe='F', âge=74, moral=72, maladie(s) : [Maladie (DRS) - Dépendance aux réseaux sociaux [niveau: 1/8]]

2025-05-01 09:29:00 INFO  com.fantasyhospital.salles.Salle - 

--- Service : Urgence ---
Superficie : 50.0 m²
Nombre de créatures maximale : 10
Budget : Mediocre

🧍 Médecins :
  - [Médecin] nom='Dr. Zoidberg', sexe='H', âge=45, moral=100, poids=70, taille=175]

👾 Créatures :
  Aucune créature dans ce service.

2025-05-01 09:29:00 INFO  com.fantasyhospital.salles.Salle - 

--- Service : Psychologie ---
Superficie : 100.0 m²
Nombre de créatures maximale : 10
Budget : Moyen

🧍 Médecins :
  Aucun médecin dans ce service.

👾 Créatures :
  - [Vampire] nom='Lunnax', sexe='M', âge=64, moral=71, maladie(s) : [Maladie (PEC) - Porphyrie érythropoïétique congénitale [niveau: 1/5]]

2025-05-01 09:29:00 INFO  com.fantasyhospital.salles.Salle - 

--- Salle : Salle d'attente ---
Superficie : 70.0 m²
Nombre de créatures maximale : 100

🏥 Salle :
  - [HommeBete] nom='Mordor', sexe='F', âge=35, moral=81, maladie(s) : [Maladie (DRS) - Dépendance aux réseaux sociaux [niveau: 1/5]]
  - [Nain] nom='Lundor', sexe='F', âge=44, moral=72, maladie(s) : [Maladie (PEC) - Porphyrie érythropoïétique congénitale [niveau: 1/9]]
  - [Reptilien] nom='Lundil', sexe='M', âge=29, moral=96, maladie(s) : [Maladie (FOMO) - Syndrome fear of missing out [niveau: 1/7]]
  - [Reptilien] nom='Kranax', sexe='F', âge=74, moral=72, maladie(s) : [Maladie (DRS) - Dépendance aux réseaux sociaux [niveau: 1/8]]

2025-05-01 09:30:07 INFO  com.fantasyhospital.Simulation - Créature générée : [Orque] nom='Shadil', sexe='M', âge=29, moral=74, maladie(s) : [Maladie (PEC) - Porphyrie érythropoïétique congénitale [niveau: 1/7]]
2025-05-01 09:30:07 INFO  com.fantasyhospital.Simulation - Créature générée : [Nain] nom='Dravak', sexe='F', âge=75, moral=99, maladie(s) : [Maladie (DRS) - Dépendance aux réseaux sociaux [niveau: 1/6]]
2025-05-01 09:30:07 INFO  com.fantasyhospital.Simulation - Créature générée : [Elfe] nom='Shamir', sexe='M', âge=51, moral=71, maladie(s) : [Maladie (DRS) - Dépendance aux réseaux sociaux [niveau: 1/8]]
2025-05-01 09:30:07 INFO  com.fantasyhospital.Simulation - Créature générée : [Orque] nom='Dragor', sexe='M', âge=66, moral=83, maladie(s) : [Maladie (PEC) - Porphyrie érythropoïétique congénitale [niveau: 1/8]]
2025-05-01 09:30:07 INFO  com.fantasyhospital.Simulation - Créature générée : [Nain] nom='Shadil', sexe='F', âge=19, moral=94, maladie(s) : [Maladie (PEC) - Porphyrie érythropoïétique congénitale [niveau: 1/6]]
2025-05-01 09:30:07 INFO  com.fantasyhospital.salles.Salle - 

--- Service : Urgence ---
Superficie : 50.0 m²
Nombre de créatures maximale : 10
Budget : Mediocre

🧍 Médecins :
  - [Médecin] nom='Dr. Zoidberg', sexe='H', âge=45, moral=100, poids=70, taille=175]

👾 Créatures :
  Aucune créature dans ce service.

2025-05-01 09:30:07 INFO  com.fantasyhospital.salles.Salle - 

--- Salle : Salle d'attente ---
Superficie : 70.0 m²
Nombre de créatures maximale : 100

🏥 Salle :
  - [Orque] nom='Shadil', sexe='M', âge=29, moral=74, maladie(s) : [Maladie (PEC) - Porphyrie érythropoïétique congénitale [niveau: 1/7]]
  - [Nain] nom='Dravak', sexe='F', âge=75, moral=99, maladie(s) : [Maladie (DRS) - Dépendance aux réseaux sociaux [niveau: 1/6]]
  - [Elfe] nom='Shamir', sexe='M', âge=51, moral=71, maladie(s) : [Maladie (DRS) - Dépendance aux réseaux sociaux [niveau: 1/8]]
  - [Orque] nom='Dragor', sexe='M', âge=66, moral=83, maladie(s) : [Maladie (PEC) - Porphyrie érythropoïétique congénitale [niveau: 1/8]]
  - [Nain] nom='Shadil', sexe='F', âge=19, moral=94, maladie(s) : [Maladie (PEC) - Porphyrie érythropoïétique congénitale [niveau: 1/6]]

2025-05-01 09:30:07 INFO  com.fantasyhospital.salles.Salle - 

--- Service : Urgence ---
Superficie : 50.0 m²
Nombre de créatures maximale : 10
Budget : Mediocre

🧍 Médecins :
  - [Médecin] nom='Dr. Zoidberg', sexe='H', âge=45, moral=100, poids=70, taille=175]

👾 Créatures :
  Aucune créature dans ce service.

2025-05-01 09:30:07 INFO  com.fantasyhospital.salles.Salle - 

--- Service : Psychologie ---
Superficie : 100.0 m²
Nombre de créatures maximale : 10
Budget : Moyen

🧍 Médecins :
  Aucun médecin dans ce service.

👾 Créatures :
  - [Orque] nom='Shadil', sexe='M', âge=29, moral=74, maladie(s) : [Maladie (PEC) - Porphyrie érythropoïétique congénitale [niveau: 1/7]]

2025-05-01 09:30:07 INFO  com.fantasyhospital.salles.Salle - 

--- Salle : Salle d'attente ---
Superficie : 70.0 m²
Nombre de créatures maximale : 100

🏥 Salle :
  - [Nain] nom='Dravak', sexe='F', âge=75, moral=99, maladie(s) : [Maladie (DRS) - Dépendance aux réseaux sociaux [niveau: 1/6]]
  - [Elfe] nom='Shamir', sexe='M', âge=51, moral=71, maladie(s) : [Maladie (DRS) - Dépendance aux réseaux sociaux [niveau: 1/8]]
  - [Orque] nom='Dragor', sexe='M', âge=66, moral=83, maladie(s) : [Maladie (PEC) - Porphyrie érythropoïétique congénitale [niveau: 1/8]]
  - [Nain] nom='Shadil', sexe='F', âge=19, moral=94, maladie(s) : [Maladie (PEC) - Porphyrie érythropoïétique congénitale [niveau: 1/6]]

